2019-03-04T15:25:22.350-0300 I CONTROL  [initandlisten] MongoDB starting : pid=4294 port=3001 dbpath=.orion/db/data 64-bit host=Lenovo-Y520
2019-03-04T15:25:22.350-0300 I CONTROL  [initandlisten] db version v3.6.3
2019-03-04T15:25:22.350-0300 I CONTROL  [initandlisten] git version: 9586e557d54ef70f9ca4b43c26892cd55257e1a5
2019-03-04T15:25:22.350-0300 I CONTROL  [initandlisten] OpenSSL version: OpenSSL 1.1.0g  2 Nov 2017
2019-03-04T15:25:22.350-0300 I CONTROL  [initandlisten] allocator: tcmalloc
2019-03-04T15:25:22.350-0300 I CONTROL  [initandlisten] modules: none
2019-03-04T15:25:22.350-0300 I CONTROL  [initandlisten] build environment:
2019-03-04T15:25:22.350-0300 I CONTROL  [initandlisten]     distarch: x86_64
2019-03-04T15:25:22.350-0300 I CONTROL  [initandlisten]     target_arch: x86_64
2019-03-04T15:25:22.350-0300 I CONTROL  [initandlisten] options: { net: { port: 3001 }, storage: { dbPath: ".orion/db/data" }, systemLog: { destination: "file", path: ".orion/db/logs/mongolog.log" } }
2019-03-04T15:25:22.350-0300 I STORAGE  [initandlisten] 
2019-03-04T15:25:22.350-0300 I STORAGE  [initandlisten] ** WARNING: Using the XFS filesystem is strongly recommended with the WiredTiger storage engine
2019-03-04T15:25:22.350-0300 I STORAGE  [initandlisten] **          See http://dochub.mongodb.org/core/prodnotes-filesystem
2019-03-04T15:25:22.350-0300 I STORAGE  [initandlisten] wiredtiger_open config: create,cache_size=7454M,session_max=20000,eviction=(threads_min=4,threads_max=4),config_base=false,statistics=(fast),log=(enabled=true,archive=true,path=journal,compressor=snappy),file_manager=(close_idle_time=100000),statistics_log=(wait=0),verbose=(recovery_progress),
2019-03-04T15:25:22.858-0300 I CONTROL  [initandlisten] 
2019-03-04T15:25:22.858-0300 I CONTROL  [initandlisten] ** WARNING: Access control is not enabled for the database.
2019-03-04T15:25:22.858-0300 I CONTROL  [initandlisten] **          Read and write access to data and configuration is unrestricted.
2019-03-04T15:25:22.858-0300 I CONTROL  [initandlisten] 
2019-03-04T15:25:22.858-0300 I CONTROL  [initandlisten] ** WARNING: This server is bound to localhost.
2019-03-04T15:25:22.858-0300 I CONTROL  [initandlisten] **          Remote systems will be unable to connect to this server. 
2019-03-04T15:25:22.858-0300 I CONTROL  [initandlisten] **          Start the server with --bind_ip <address> to specify which IP 
2019-03-04T15:25:22.858-0300 I CONTROL  [initandlisten] **          addresses it should serve responses from, or with --bind_ip_all to
2019-03-04T15:25:22.858-0300 I CONTROL  [initandlisten] **          bind to all interfaces. If this behavior is desired, start the
2019-03-04T15:25:22.858-0300 I CONTROL  [initandlisten] **          server with --bind_ip 127.0.0.1 to disable this warning.
2019-03-04T15:25:22.858-0300 I CONTROL  [initandlisten] 
2019-03-04T15:25:22.859-0300 I CONTROL  [initandlisten] 
2019-03-04T15:25:22.859-0300 I CONTROL  [initandlisten] ** WARNING: soft rlimits too low. rlimits set to 63344 processes, 1048576 files. Number of processes should be at least 524288 : 0.5 times number of files.
2019-03-04T15:25:22.859-0300 I STORAGE  [initandlisten] createCollection: admin.system.version with provided UUID: 056b5091-4e2b-4bd8-a111-faff08aececd
2019-03-04T15:25:22.871-0300 I COMMAND  [initandlisten] setting featureCompatibilityVersion to 3.6
2019-03-04T15:25:22.880-0300 I STORAGE  [initandlisten] createCollection: local.startup_log with generated UUID: b504c1eb-76ab-4c1f-94e6-732a5119ea8c
2019-03-04T15:25:22.892-0300 I FTDC     [initandlisten] Initializing full-time diagnostic data capture with directory '.orion/db/data/diagnostic.data'
2019-03-04T15:25:22.893-0300 I NETWORK  [initandlisten] waiting for connections on port 3001
2019-03-04T15:30:22.893-0300 I STORAGE  [thread1] createCollection: config.system.sessions with generated UUID: aa358a89-1a6a-4e41-b9b6-e41460a460be
2019-03-04T15:30:22.913-0300 I INDEX    [thread1] build index on: config.system.sessions properties: { v: 2, key: { lastUse: 1 }, name: "lsidTTLIndex", ns: "config.system.sessions", expireAfterSeconds: 1800 }
2019-03-04T15:30:22.913-0300 I INDEX    [thread1] 	 building index using bulk method; build may temporarily use up to 500 megabytes of RAM
2019-03-04T15:30:22.914-0300 I INDEX    [thread1] build index done.  scanned 0 total records. 0 secs
2019-03-04T15:53:55.326-0300 I CONTROL  [signalProcessingThread] got signal 15 (Terminated), will terminate after current cmd ends
2019-03-04T15:53:55.326-0300 I NETWORK  [signalProcessingThread] shutdown: going to close listening sockets...
2019-03-04T15:53:55.326-0300 I NETWORK  [signalProcessingThread] removing socket file: /tmp/mongodb-3001.sock
2019-03-04T15:53:55.326-0300 I FTDC     [signalProcessingThread] Shutting down full-time diagnostic data capture
2019-03-04T15:53:55.328-0300 I STORAGE  [signalProcessingThread] WiredTigerKVEngine shutting down
2019-03-04T15:53:56.054-0300 I STORAGE  [signalProcessingThread] shutdown: removing fs lock...
2019-03-04T15:53:56.054-0300 I CONTROL  [signalProcessingThread] now exiting
2019-03-04T15:53:56.054-0300 I CONTROL  [signalProcessingThread] shutting down with code:0
